###############################################################
## Evolution started on Mon May 26 16:58:34 2025
###############################################################
0 	 0.79404834562293413747 	 0.06871005257143542044 	 0.00000000000000000000
1 	 0.95770334145128965808 	 0.20858850657978819654 	 0.00000000000000000000
2 	 0.95770334145128965808 	 0.43129523904064570594 	 0.00000000000000000000
###############################################################
## Evolution started on Mon May 26 17:26:34 2025
###############################################################
0 	 0.28744774065166173171 	 0.02198534375842741209 	 0.00000000000000000000
1 	 0.32087290250651240298 	 0.10644495525820425741 	 0.00000000000000000000
2 	 0.33544421584238970357 	 0.11526912739851730150 	 0.00000000000000000000
3 	 0.33544421584238970357 	 0.19179397558147392999 	 0.00000000000000000000
4 	 0.34320679749460653030 	 0.21048587602040791378 	 0.00000000000000000000
5 	 0.34320679749460653030 	 0.25251668580097214045 	 0.00000000000000000000
6 	 0.35170191709692233406 	 0.27077520766866347568 	 0.00000000000000000000
7 	 0.35306596374212800837 	 0.27366958771542704287 	 0.00000000000000000000
8 	 0.37541339049602617806 	 0.28512012437978445645 	 0.00000000000000000000
9 	 0.38073588288375098676 	 0.29581547851564332641 	 0.00000000000000000000
10 	 0.38073588288375098676 	 0.29231455731566452494 	 0.00000000000000000000
11 	 0.38073588288375098676 	 0.30987973460005435733 	 0.00000000000000000000
12 	 0.38570327556719341544 	 0.31046909800951594249 	 0.00000000000000000000
13 	 0.38570327556719341544 	 0.31787290844154275637 	 0.01348751687253071062
14 	 0.38584075300709608225 	 0.32597584050120120835 	 0.00000000000000000000
15 	 0.38584075300709608225 	 0.33385728420249194404 	 0.00000000000000000000
16 	 0.40197750196969755931 	 0.32849007047629041889 	 0.00000000000000000000
17 	 0.40197750196969755931 	 0.31974066803739076281 	 0.00000000000000000000
18 	 0.40197750196969755931 	 0.32565264919705272373 	 0.00000000000000000000
19 	 0.40872028147877770277 	 0.30717694035064896374 	 0.00000000000000000000
20 	 0.40872028147877770277 	 0.33091547020252698452 	 0.00000000000000000000
21 	 0.40872028147877770277 	 0.30536122180564917450 	 0.00000000000000000000
22 	 0.40872028147877770277 	 0.31287540920615003470 	 0.00000000000000000000
23 	 0.41010683530913821793 	 0.30062759600478827782 	 0.00000000000000000000
24 	 0.41010683530913821793 	 0.32279407455935432703 	 0.00000000000000000000
25 	 0.41087039412377190928 	 0.32435508315504557597 	 0.00000000000000000000
26 	 0.41087039412377190928 	 0.32738126352118213092 	 0.00000000000000000000
27 	 0.41087039412377190928 	 0.33595312355357237477 	 0.00000000000000000000
28 	 0.41087039412377190928 	 0.33516384521184894307 	 0.00000000000000000000
29 	 0.41262391746043131091 	 0.34762833043315083392 	 0.00000000000000000000
30 	 0.41598562166669000861 	 0.35196182624980254516 	 0.00000000000000000000
31 	 0.41598562166669000861 	 0.35229836244687162683 	 0.00000000000000000000
32 	 0.41598562166669000861 	 0.34947465406498595675 	 0.00000000000000000000
33 	 0.41750406317937133194 	 0.35989055989551949066 	 0.01345982077569730928
34 	 0.41750406317937133194 	 0.34529874448945840903 	 0.00000000000000000000
35 	 0.41968348974856223288 	 0.35710869677201600991 	 0.00000000000000000000
36 	 0.42142108956381041374 	 0.37615997960603209105 	 0.02137829865168502930
37 	 0.42384700304520744885 	 0.36801106246100956376 	 0.00000000000000000000
38 	 0.42384700304520744885 	 0.36475892400141501914 	 0.11461842055466014978
39 	 0.42384700304520744885 	 0.36044565912399789687 	 0.00000000000000000000
40 	 0.42384700304520744885 	 0.36627349894207694714 	 0.18192116478936473656
41 	 0.42384700304520744885 	 0.37628661208353814116 	 0.00000000000000000000
42 	 0.42475249487430555284 	 0.37552701850088410218 	 0.00000000000000000000
43 	 0.43324291076762938557 	 0.37695773890851869137 	 0.03991257161416934818
44 	 0.43324291076762938557 	 0.38763491306351854915 	 0.12828690043740972881
45 	 0.43324291076762938557 	 0.39554062295927627790 	 0.17815090565828153868
46 	 0.43324291076762938557 	 0.38790982029211290572 	 0.00000000000000000000
47 	 0.43412227876475151245 	 0.38165264222313782794 	 0.00000000000000000000
48 	 0.43412227876475151245 	 0.38981124463585664630 	 0.09356218323642953583
49 	 0.43412227876475151245 	 0.39179895013098620105 	 0.09449218348682350554
50 	 0.43412227876475151245 	 0.39230713549032530940 	 0.17993869021051903112
51 	 0.43412227876475151245 	 0.38242536452852393669 	 0.00000000000000000000
52 	 0.43412227876475151245 	 0.37714618919027065314 	 0.00000000000000000000
53 	 0.43412227876475151245 	 0.37774723974246382507 	 0.11216833657055651219
54 	 0.43412227876475151245 	 0.37220672960607387170 	 0.00000000000000000000
55 	 0.43520280905154512530 	 0.37605387367198483961 	 0.08362197544191830867
56 	 0.43520280905154512530 	 0.36021189149398114004 	 0.00000000000000000000
57 	 0.43520280905154512530 	 0.36602100391401104496 	 0.00000000000000000000
58 	 0.43520280905154512530 	 0.37109362297233000616 	 0.00000000000000000000
59 	 0.43745690408874254862 	 0.38790273139307940298 	 0.00516002124141460693
60 	 0.43745690408874254862 	 0.39224359265648672812 	 0.00000000000000000000
61 	 0.43794973102417017463 	 0.39793750770675095918 	 0.09858213963800016577
62 	 0.43794973102417017463 	 0.40253001656312098477 	 0.00000000000000000000
63 	 0.43822202299314694240 	 0.40288470773620710386 	 0.00000000000000000000
64 	 0.43822202299314694240 	 0.39824183769701143598 	 0.00000000000000000000
65 	 0.43822202299314694240 	 0.40091883659451271749 	 0.00000000000000000000
66 	 0.43822202299314694240 	 0.40457547766663892741 	 0.23506156354495055805
67 	 0.43822202299314694240 	 0.39748442566003383547 	 0.27418808208969736029
68 	 0.43822202299314694240 	 0.39135461838228657871 	 0.04039062112349189188
69 	 0.43822202299314694240 	 0.39377074760635788486 	 0.00000000000000000000
70 	 0.44044854112357362252 	 0.39781549931665383113 	 0.25025380186305967722
71 	 0.44044854112357362252 	 0.39368116465437741347 	 0.24553242597778340839
72 	 0.44044854112357362252 	 0.39491899691050041943 	 0.23602857037137445206
73 	 0.44044854112357362252 	 0.39889930675522278225 	 0.00000000000000000000
74 	 0.44044854112357362252 	 0.39286722197090229169 	 0.14233669751997973796
75 	 0.44044854112357362252 	 0.40069545669963058110 	 0.00000000000000000000
76 	 0.44102289922259679811 	 0.38839564973294821160 	 0.00000000000000000000
77 	 0.44102289922259679811 	 0.38154409381573478610 	 0.00000000000000000000
78 	 0.44102289922259679811 	 0.38761988166032368408 	 0.00000000000000000000
79 	 0.44102289922259679811 	 0.38842979326071758184 	 0.00000000000000000000
80 	 0.44206904174363209625 	 0.39032399887789059889 	 0.16282408307782444967
81 	 0.44206904174363209625 	 0.38300153792687297027 	 0.00061785837940933814
82 	 0.44206904174363209625 	 0.38927269876524195347 	 0.00586651360224819951
83 	 0.44727669594823138421 	 0.38692185693996355988 	 0.00000000000000000000
84 	 0.44727669594823138421 	 0.39065417176464345417 	 0.00000000000000000000
85 	 0.44729116214968905885 	 0.38082533156890280290 	 0.00000000000000000000
86 	 0.44729116214968905885 	 0.38457323572626045394 	 0.13425323583269932470
87 	 0.44743459047763961545 	 0.39149789618116526135 	 0.22708514865549878081
88 	 0.44802339709907534893 	 0.38824146641587281570 	 0.00000000000000000000
89 	 0.44802339709907534893 	 0.38188828084058018542 	 0.00000000000000000000
90 	 0.44802339709907534893 	 0.40019331328638918510 	 0.00000000000000000000
91 	 0.44802339709907534893 	 0.39806746508011636720 	 0.00000000000000000000
92 	 0.44802339709907534893 	 0.39092277745977638270 	 0.00000000000000000000
93 	 0.44802339709907534893 	 0.39458702501835440923 	 0.00000000000000000000
94 	 0.44802339709907534893 	 0.39619857292577093100 	 0.22173280975351841726
95 	 0.44808601078519005867 	 0.39300349621720387372 	 0.13880716675034196483
96 	 0.44808601078519005867 	 0.38973320365829072776 	 0.00000000000000000000
97 	 0.44808601078519005867 	 0.39615146171726789426 	 0.02313947592510066584
98 	 0.44808601078519005867 	 0.39576540524070868976 	 0.12765645573478634489
99 	 0.44816414933912185337 	 0.39907184916703014599 	 0.13545395171979141002
100 	 0.44816414933912185337 	 0.39468159875525155034 	 0.00000000000000000000
101 	 0.44921861007585794923 	 0.40418005291666325718 	 0.27836931433731265662
102 	 0.44921861007585794923 	 0.40222425163964059536 	 0.23419799902850232942
103 	 0.44921861007585794923 	 0.40215967403252611545 	 0.22932147085205087378
104 	 0.44921861007585794923 	 0.39497259057091604895 	 0.13605067627156647303
105 	 0.44921861007585794923 	 0.40677053685229802582 	 0.24950689177759155513
106 	 0.44927472710664367872 	 0.40680406430843080168 	 0.17689714342052945129
107 	 0.44927472710664367872 	 0.39960512262157349417 	 0.11820604812418641916
108 	 0.44927472710664367872 	 0.40411932253869353726 	 0.00206615207533475832
109 	 0.45137550957115263328 	 0.40032608255917151441 	 0.18217292236191778843
110 	 0.45137550957115263328 	 0.39897551978846806930 	 0.09212015744462113964
111 	 0.45137550957115263328 	 0.40261537026150939766 	 0.17147776732266589717
112 	 0.45198889607072950669 	 0.40589470416989270607 	 0.12456147955625633539
113 	 0.45198889607072950669 	 0.40052315401302635012 	 0.13457185331969387376
114 	 0.45198889607072950669 	 0.39712331145082757633 	 0.00842861905182179863
115 	 0.45198889607072950669 	 0.40518042994032865689 	 0.00000000000000000000
116 	 0.45233449819109100565 	 0.40251160769240201809 	 0.00000000000000000000
117 	 0.45233449819109100565 	 0.39965808236148975263 	 0.02270287840809246532
118 	 0.45233449819109100565 	 0.40283386306893709250 	 0.10815158731384934276
119 	 0.45233449819109100565 	 0.39981568505335851604 	 0.00000000000000000000
120 	 0.45233449819109100565 	 0.40389673177387896974 	 0.26697543872144047228
121 	 0.45233449819109100565 	 0.40172198278612070155 	 0.00000000000000000000
122 	 0.45240097071649232330 	 0.40805542648783549309 	 0.23782717941676909112
123 	 0.45248746364031694478 	 0.40200142380580056178 	 0.00000000000000000000
124 	 0.45248746364031694478 	 0.40012459000836608780 	 0.00000000000000000000
125 	 0.45248746364031694478 	 0.40712903962792401646 	 0.21959867043910180628
126 	 0.45250740292147256794 	 0.40126016227174621243 	 0.00000000000000000000
127 	 0.45250740292147256794 	 0.40791827415209958030 	 0.21000483494333352374
128 	 0.45250740292147256794 	 0.40654701693370470794 	 0.21835550329316666396
129 	 0.45280097185031464857 	 0.40338527994397066490 	 0.02296269188853983928
130 	 0.45280097185031464857 	 0.41295520845199545912 	 0.19530164629719995451
131 	 0.45280097185031464857 	 0.40801600430762496874 	 0.00000000000000000000
132 	 0.45280097185031464857 	 0.40216504416381304576 	 0.15245200194878119615
133 	 0.45280097185031464857 	 0.40769852712215104429 	 0.01653761872803183319
134 	 0.45288240353812597716 	 0.41465773442456288489 	 0.19859007729426444988
135 	 0.45288240353812597716 	 0.41308569616713392003 	 0.09727681786790826068
136 	 0.45288240353812597716 	 0.41043906950495445685 	 0.01109598282854604677
137 	 0.45288240353812597716 	 0.41226041671442331671 	 0.20754173937511855019
138 	 0.45288240353812597716 	 0.41263034948285559622 	 0.00216375025766467333
139 	 0.45288240353812597716 	 0.42098451963260563602 	 0.29124125280059903753
140 	 0.45288240353812597716 	 0.41832946922485481078 	 0.00000000000000000000
141 	 0.45352000823579974309 	 0.42475425614777684302 	 0.32542223112489931935
142 	 0.45352000823579974309 	 0.41947792728642241400 	 0.27502831086234452718
143 	 0.45352000823579974309 	 0.42459916358586369256 	 0.25849531930344532560
144 	 0.45352000823579974309 	 0.42189989146246553720 	 0.25944928175288201055
145 	 0.45352000823579974309 	 0.41436516847370230554 	 0.24465572372417163094
146 	 0.45352000823579974309 	 0.41669017850215178678 	 0.19187327595313607986
147 	 0.45352000823579974309 	 0.41830662193759066136 	 0.20101375882595151623
148 	 0.45352000823579974309 	 0.42314993816143137151 	 0.24467492071026136768
149 	 0.45352000823579974309 	 0.41866161628033182751 	 0.21331151799528397239
###############################################################
## Evolution ended on Mon May 26 18:32:45 2025
## Reason: Evolved till last generation 149
## The best individual was found in generation 141 (fitness: 0.45352001)
###############################################################
###############################################################
## Evolution started on Mon May 26 19:13:42 2025
###############################################################
0 	 0.00000000000000000000 	 0.00000000000000000000 	 0.00000000000000000000
###############################################################
## Evolution started on Mon May 26 19:25:58 2025
###############################################################
0 	 0.15529350829232921316 	 0.02222592548927397951 	 0.00000000000000000000
1 	 0.15529350829232921316 	 0.07449571084321193748 	 0.00000000000000000000
2 	 0.15529350829232921316 	 0.12164514943391593893 	 0.00000000000000000000
3 	 0.15529350829232921316 	 0.15524885015643000163 	 0.15484692693333707014
4 	 0.15833256558256511570 	 0.15555275588545361409 	 0.15484692693333707014
5 	 0.15833256558256511570 	 0.15559820430012955006 	 0.15529350829232921316
6 	 0.15833256558256511570 	 0.15590211002915313476 	 0.15529350829232921316
7 	 0.16174190078804728810 	 0.15706495489546495881 	 0.15529350829232921316
8 	 0.16174190078804728810 	 0.15773586620095597643 	 0.15503435114146313367
9 	 0.16174190078804728810 	 0.15743196047193236398 	 0.15503435114146313367
10 	 0.16174190078804728810 	 0.15836958131813830275 	 0.15529350829232921316
11 	 0.16174190078804728810 	 0.15901442056771009081 	 0.15529350829232921316
12 	 0.16174190078804728810 	 0.15911653340115358701 	 0.15529350829232921316
13 	 0.16185712268741148101 	 0.14425244621468616413 	 0.00000000000000000000
14 	 0.16751948768015198499 	 0.16166083681603415911 	 0.15833256558256511570
###############################################################
## Evolution started on Mon May 26 19:27:10 2025
###############################################################
0 	 0.16430131895000435471 	 0.02998003468533636667 	 0.00000000000000000000
1 	 0.16690502108919644253 	 0.08210796281525022111 	 0.00000000000000000000
2 	 0.17025483571755350987 	 0.10310790197723372630 	 0.00000000000000000000
3 	 0.17025483571755350987 	 0.12373008626872458726 	 0.00000000000000000000
4 	 0.17127395855407123726 	 0.12388200568161911175 	 0.00000000000000000000
5 	 0.17349669114482943466 	 0.13128464313460941337 	 0.00000000000000000000
6 	 0.17349669114482943466 	 0.13591874576981713418 	 0.00000000000000000000
7 	 0.17515126229188976437 	 0.13863524135516688829 	 0.00000000000000000000
8 	 0.17515126229188976437 	 0.14360115928307870536 	 0.00000000000000000000
9 	 0.17515126229188976437 	 0.13401634355585861913 	 0.00000000000000000000
###############################################################
## Evolution ended on Mon May 26 19:29:11 2025
## Reason: Evolved till last generation 9
## The best individual was found in generation 7 (fitness: 0.17515126)
###############################################################
###############################################################
## Evolution started on Mon May 26 19:40:04 2025
###############################################################
0 	 0.05205026146213664190 	 0.00327003567693160638 	 0.00000000000000000000
1 	 0.06418803290559428609 	 0.02177759321903699821 	 0.00000000000000000000
2 	 0.08081804421637141245 	 0.02466656659244614858 	 0.00000000000000000000
3 	 0.09634815034895650998 	 0.03393094078279077636 	 0.00000000000000000000
4 	 0.09634815034895650998 	 0.04212301660457428570 	 0.00000000000000000000
5 	 0.10092921684041974983 	 0.04721186796253558360 	 0.00000000000000000000
6 	 0.10092921684041974983 	 0.04923614972397165335 	 0.00000000000000000000
7 	 0.10136695978449568323 	 0.05252417108045460969 	 0.00000000000000000000
8 	 0.10136695978449568323 	 0.04273441043656575622 	 0.00000000000000000000
9 	 0.10144462240169656309 	 0.05984617278684392638 	 0.00000000000000000000
10 	 0.10411124691161517675 	 0.05669907938811118153 	 0.00000000000000000000
11 	 0.10417991346381520745 	 0.06651776669151204802 	 0.00000000000000000000
12 	 0.10417991346381520745 	 0.06354488284653909969 	 0.00000000000000000000
13 	 0.10715413679152503701 	 0.06660462788052480543 	 0.00000000000000000000
14 	 0.10715413679152503701 	 0.07112491542179290305 	 0.00000000000000000000
15 	 0.10795191808521685528 	 0.07742425910638484066 	 0.00000000000000000000
16 	 0.10914269283587997583 	 0.07655654083561047596 	 0.00000000000000000000
17 	 0.10914269283587997583 	 0.07347867359079733596 	 0.00000000000000000000
18 	 0.10914269283587997583 	 0.07783641781635702861 	 0.00000000000000000000
19 	 0.11194891818272341422 	 0.08611404023072319336 	 0.00000000000000000000
###############################################################
## Evolution ended on Mon May 26 19:44:20 2025
## Reason: Evolved till last generation 19
## The best individual was found in generation 19 (fitness: 0.11194892)
###############################################################
###############################################################
## Evolution started on Mon May 26 19:47:57 2025
###############################################################
0 	 0.05205026146213664190 	 0.00327260925045856372 	 0.00000000000000000000
1 	 0.06418803290559428609 	 0.02178715538769388990 	 0.00000000000000000000
2 	 0.08081804421637141245 	 0.02478259417439346995 	 0.00000000000000000000
3 	 0.09680200893824043862 	 0.03599697116861068358 	 0.00000000000000000000
4 	 0.09680200893824043862 	 0.04164513091460372157 	 0.00000000000000000000
5 	 0.09680200893824043862 	 0.04729907526395099593 	 0.00000000000000000000
6 	 0.09680200893824043862 	 0.04925976172895982913 	 0.00000000000000000000
7 	 0.10855738020802871424 	 0.05578647686159660807 	 0.00000000000000000000
8 	 0.10855738020802871424 	 0.05330224411819364100 	 0.00000000000000000000
9 	 0.10855738020802871424 	 0.05505313811668759161 	 0.00000000000000000000
10 	 0.10855738020802871424 	 0.04891028487549716613 	 0.00000000000000000000
11 	 0.10855738020802871424 	 0.05494089037812029119 	 0.00000000000000000000
12 	 0.10855738020802871424 	 0.05555177143333578371 	 0.00000000000000000000
13 	 0.10855738020802871424 	 0.06373411351861694996 	 0.00000000000000000000
14 	 0.10857800605173022201 	 0.06371705895726498259 	 0.00000000000000000000
15 	 0.10857800605173022201 	 0.07396894476236356986 	 0.00000000000000000000
16 	 0.10857800605173022201 	 0.06731927955105369843 	 0.00000000000000000000
17 	 0.10857800605173022201 	 0.06586486545755318445 	 0.00000000000000000000
18 	 0.10857800605173022201 	 0.07308419040132620170 	 0.00000000000000000000
19 	 0.10918664405278413754 	 0.07325789024881598777 	 0.00000000000000000000
###############################################################
## Evolution ended on Mon May 26 19:52:22 2025
## Reason: Evolved till last generation 19
## The best individual was found in generation 19 (fitness: 0.10918664)
###############################################################
###############################################################
## Evolution started on Mon May 26 20:13:14 2025
###############################################################
0 	 0.10727451724400080546 	 0.00696227708146519592 	 0.00000000000000000000
1 	 0.17451676413721445291 	 0.04148027363328880834 	 0.00000000000000000000
2 	 0.20036349572785147610 	 0.05624746130834652746 	 0.00000000000000000000
3 	 0.20862715051875718730 	 0.08600565294294269802 	 0.00000000000000000000
4 	 0.22796164016480355285 	 0.11832318527834367883 	 0.00000000000000000000
5 	 0.22796164016480355285 	 0.13401034649728965631 	 0.00000000000000000000
6 	 0.24741357233232139090 	 0.14641419985501513690 	 0.00000000000000000000
7 	 0.24741357233232139090 	 0.15519300836057267623 	 0.00000000000000000000
8 	 0.24898413054817314372 	 0.15419055127058542420 	 0.00000000000000000000
9 	 0.24898413054817314372 	 0.16398515511372235842 	 0.00000000000000000000
10 	 0.25009877578180927937 	 0.15440036542329119151 	 0.00000000000000000000
11 	 0.25134861100075150953 	 0.17760858277855162690 	 0.00000000000000000000
12 	 0.25211246435804918198 	 0.16665803087893177326 	 0.00000000000000000000
13 	 0.25211246435804918198 	 0.18498613076791425858 	 0.00000000000000000000
14 	 0.25211246435804918198 	 0.18272164055000245098 	 0.00000000000000000000
15 	 0.25332132519933586723 	 0.19520459667266154558 	 0.00000000000000000000
16 	 0.25856413169505443328 	 0.19689908470338859936 	 0.00000000000000000000
17 	 0.25856413169505443328 	 0.18022556549658183545 	 0.00000000000000000000
18 	 0.28674707111800235015 	 0.17816138429444947078 	 0.00000000000000000000
19 	 0.29633362138219382365 	 0.18083448625540093913 	 0.00000000000000000000
20 	 0.29633362138219382365 	 0.17655883961886142952 	 0.00000000000000000000
21 	 0.29633362138219382365 	 0.18397031744740480197 	 0.00000000000000000000
22 	 0.29633362138219382365 	 0.17716646876972741431 	 0.00000000000000000000
23 	 0.29633362138219382365 	 0.17731089676433531288 	 0.00000000000000000000
24 	 0.29633362138219382365 	 0.18517321418542137534 	 0.00000000000000000000
25 	 0.29633362138219382365 	 0.19839302569403277632 	 0.00000000000000000000
26 	 0.29633362138219382365 	 0.19206747256908729415 	 0.00000000000000000000
27 	 0.30022461175547721091 	 0.17578017051085403910 	 0.00000000000000000000
28 	 0.30022461175547721091 	 0.19072141006710388589 	 0.00000000000000000000
29 	 0.30530202402130546258 	 0.18757424357277641125 	 0.00000000000000000000
30 	 0.30530202402130546258 	 0.16118883105397516231 	 0.00000000000000000000
31 	 0.30530202402130546258 	 0.18955137121343373918 	 0.00000000000000000000
32 	 0.30530202402130546258 	 0.17890735632450294190 	 0.00000000000000000000
33 	 0.30530202402130546258 	 0.19834048338104706688 	 0.00000000000000000000
34 	 0.30530202402130546258 	 0.19077124888403207414 	 0.00000000000000000000
35 	 0.31258107613236812972 	 0.19257017242973317739 	 0.00000000000000000000
36 	 0.31258107613236812972 	 0.20005930955163098162 	 0.00000000000000000000
37 	 0.31258107613236812972 	 0.19487285329403941647 	 0.00000000000000000000
38 	 0.32127703864761875119 	 0.19785003045663987487 	 0.00000000000000000000
39 	 0.32127703864761875119 	 0.19219402222788542489 	 0.00000000000000000000
40 	 0.32356449710390061680 	 0.20645903783134464393 	 0.00000000000000000000
41 	 0.32356449710390061680 	 0.20667382326837921425 	 0.00000000000000000000
42 	 0.32356449710390061680 	 0.19739449765621538968 	 0.00000000000000000000
43 	 0.32356449710390061680 	 0.19826175266990275770 	 0.00000000000000000000
44 	 0.32356449710390061680 	 0.20345724483824667583 	 0.00000000000000000000
45 	 0.32356449710390061680 	 0.22075828072306497019 	 0.00000000000000000000
46 	 0.32537260036458182100 	 0.20779227263010011106 	 0.00000000000000000000
47 	 0.32537260036458182100 	 0.21092511116937998072 	 0.00000000000000000000
48 	 0.32537260036458182100 	 0.21501148355197949313 	 0.00000000000000000000
49 	 0.33206194849932096913 	 0.21221433865666983198 	 0.00000000000000000000
50 	 0.33206194849932096913 	 0.22739448721045088520 	 0.00000000000000000000
51 	 0.33206194849932096913 	 0.21141813840718529094 	 0.00000000000000000000
52 	 0.33206194849932096913 	 0.21712184342096105261 	 0.00000000000000000000
53 	 0.33272376267621289747 	 0.22282736211725884257 	 0.00000000000000000000
54 	 0.33272376267621289747 	 0.24317743627471030687 	 0.00000000000000000000
55 	 0.33272376267621289747 	 0.22930715225496989262 	 0.00000000000000000000
56 	 0.33272376267621289747 	 0.24901941147405320942 	 0.00000000000000000000
57 	 0.33279071343174765341 	 0.25030554751864325658 	 0.00000000000000000000
58 	 0.33312326931921315554 	 0.23994534551020829660 	 0.00000000000000000000
59 	 0.33312326931921315554 	 0.21276134582442834953 	 0.00000000000000000000
60 	 0.33418830100466473398 	 0.23446105706799127977 	 0.00000000000000000000
61 	 0.33418830100466473398 	 0.23420165701411402304 	 0.00000000000000000000
62 	 0.33418971466818742089 	 0.26421126334784067469 	 0.00000000000000000000
63 	 0.33683569577002003825 	 0.25039308219002931466 	 0.00000000000000000000
64 	 0.33683569577002003825 	 0.27255852650119183345 	 0.00000000000000000000
65 	 0.33717658803400679668 	 0.25846313325773151437 	 0.00000000000000000000
66 	 0.33717658803400679668 	 0.24733880309601716241 	 0.00000000000000000000
67 	 0.33717658803400679668 	 0.23924020894404016135 	 0.00000000000000000000
68 	 0.33717658803400679668 	 0.23193705265135958205 	 0.00000000000000000000
69 	 0.33717658803400679668 	 0.22784340782316891971 	 0.00000000000000000000
70 	 0.33777783451884701993 	 0.25080331348947826342 	 0.00000000000000000000
71 	 0.33777783451884701993 	 0.24912104222037154133 	 0.00000000000000000000
72 	 0.33777783451884701993 	 0.23934749883694744765 	 0.00000000000000000000
73 	 0.33777783451884701993 	 0.27332530969789858855 	 0.00000000000000000000
74 	 0.33777783451884701993 	 0.27276555504924188122 	 0.00000000000000000000
75 	 0.33777783451884701993 	 0.26844274799821721267 	 0.00000000000000000000
76 	 0.33777783451884701993 	 0.23962586030455046426 	 0.00000000000000000000
77 	 0.33780993683128446303 	 0.24516260307252912831 	 0.00000000000000000000
78 	 0.33780993683128446303 	 0.25885551733344341896 	 0.00000000000000000000
79 	 0.33805210517171052631 	 0.25501808568167427804 	 0.00000000000000000000
80 	 0.33805210517171052631 	 0.23911212584726729280 	 0.00000000000000000000
81 	 0.33805210517171052631 	 0.26625547088211604096 	 0.00000000000000000000
82 	 0.33805210517171052631 	 0.25816160993834808002 	 0.00000000000000000000
83 	 0.33805210517171052631 	 0.22993634024933873317 	 0.00000000000000000000
84 	 0.33805210517171052631 	 0.24239092410926210697 	 0.00000000000000000000
85 	 0.33815229123757517549 	 0.23091519202057775306 	 0.00000000000000000000
86 	 0.33815229123757517549 	 0.24123528710567535005 	 0.00000000000000000000
87 	 0.33815229123757517549 	 0.25411460112842565451 	 0.00000000000000000000
88 	 0.33818940503164757194 	 0.24863505545817940479 	 0.00000000000000000000
89 	 0.33820757277387342166 	 0.26579642009033654926 	 0.00000000000000000000
90 	 0.33849317349674662436 	 0.26178633337217971366 	 0.00000000000000000000
91 	 0.33923049696072959946 	 0.27803303460923523005 	 0.00000000000000000000
92 	 0.33923049696072959946 	 0.27607226543164420374 	 0.00000000000000000000
93 	 0.33970818629815097145 	 0.27276883586721156760 	 0.00000000000000000000
94 	 0.33970818629815097145 	 0.27295692609065619338 	 0.00000000000000000000
95 	 0.33970818629815097145 	 0.26855991923773347985 	 0.00000000000000000000
96 	 0.33970818629815097145 	 0.25199659503450616560 	 0.00000000000000000000
97 	 0.33986910973470713104 	 0.26494706250490007715 	 0.00000000000000000000
98 	 0.33986910973470713104 	 0.25230531631107949719 	 0.00000000000000000000
99 	 0.33986910973470713104 	 0.26714450913934223442 	 0.00000000000000000000
###############################################################
## Evolution ended on Mon May 26 20:35:21 2025
## Reason: Evolved till last generation 99
## The best individual was found in generation 97 (fitness: 0.33986911)
###############################################################
###############################################################
## Evolution started on Mon May 26 21:14:07 2025
###############################################################
0 	 0.04290980689760031525 	 0.00286121836091677087 	 0.00000000000000000000
1 	 0.06176876550713701619 	 0.01598492580398654800 	 0.00000000000000000000
2 	 0.07971991802586214648 	 0.02322934484441115111 	 0.00000000000000000000
3 	 0.07971991802586214648 	 0.03164261906220322551 	 0.00000000000000000000
4 	 0.07971991802586214648 	 0.04393201226349462835 	 0.00000000000000000000
5 	 0.08619397314693232059 	 0.04570207779847516860 	 0.00000000000000000000
6 	 0.09061086355738789955 	 0.05774681222419383864 	 0.00000000000000000000
7 	 0.09061086355738789955 	 0.05839584635118932193 	 0.00000000000000000000
8 	 0.09061086355738789955 	 0.06146722985365130065 	 0.00000000000000000000
9 	 0.09988005207541829356 	 0.06642806202551085337 	 0.00000000000000000000
10 	 0.09988005207541829356 	 0.06464482141418997907 	 0.00000000000000000000
11 	 0.09988005207541829356 	 0.06898149318384935724 	 0.00000000000000000000
12 	 0.10056707259919529795 	 0.06172861694119463616 	 0.00000000000000000000
13 	 0.10067020278357843854 	 0.07268694517288581958 	 0.00000000000000000000
14 	 0.10103306632497724427 	 0.07777416933717479219 	 0.00000000000000000000
15 	 0.10217425416984209086 	 0.07313930587773280478 	 0.00000000000000000000
16 	 0.10217425416984209086 	 0.07414019328200488479 	 0.00000000000000000000
17 	 0.10217425416984209086 	 0.06856411029452427752 	 0.00000000000000000000
18 	 0.10217425416984209086 	 0.06978988495910794232 	 0.00000000000000000000
19 	 0.10742881348567008548 	 0.08019921576885610803 	 0.00000000000000000000
20 	 0.10742881348567008548 	 0.07468989603853301573 	 0.00000000000000000000
21 	 0.10742881348567008548 	 0.07179426752699406833 	 0.00000000000000000000
22 	 0.10749504094084162686 	 0.07388675484969876861 	 0.00000000000000000000
23 	 0.10787768255785591676 	 0.07867683676564093953 	 0.00000000000000000000
24 	 0.10787768255785591676 	 0.07993393452271563282 	 0.00000000000000000000
25 	 0.10787768255785591676 	 0.08329365381160312720 	 0.00000000000000000000
26 	 0.10803603314537087166 	 0.08593560327413744815 	 0.00000000000000000000
27 	 0.10803603314537087166 	 0.08628495600015800848 	 0.00000000000000000000
28 	 0.11056265843927411130 	 0.08076308219471094174 	 0.00000000000000000000
29 	 0.11056265843927411130 	 0.08429011138588553276 	 0.00000000000000000000
30 	 0.11056265843927411130 	 0.08505073992506162472 	 0.00000000000000000000
31 	 0.11079461447058175372 	 0.08240891356337202989 	 0.00000000000000000000
32 	 0.11122906331761339693 	 0.08886689997673868913 	 0.00000000000000000000
33 	 0.11522744019099970259 	 0.09119062532615782035 	 0.00000000000000000000
34 	 0.11522744019099970259 	 0.08358016743809340565 	 0.00000000000000000000
35 	 0.11537127694730657523 	 0.09075347904932201670 	 0.00000000000000000000
36 	 0.11537127694730657523 	 0.08866853733697571682 	 0.00000000000000000000
37 	 0.11636818395882604638 	 0.08566025658472872784 	 0.00000000000000000000
38 	 0.11920358427862233486 	 0.09108787807004485593 	 0.00000000000000000000
39 	 0.11920358427862233486 	 0.08382773889577002646 	 0.00000000000000000000
40 	 0.11924280905984542545 	 0.08431082067527377599 	 0.00000000000000000000
41 	 0.11989309185247837286 	 0.08849603813475886982 	 0.00000000000000000000
42 	 0.11989309185247837286 	 0.08783813512895966014 	 0.00000000000000000000
43 	 0.11989309185247837286 	 0.08470093260615209341 	 0.00000000000000000000
44 	 0.12014941524084747637 	 0.09391996463302869358 	 0.00000000000000000000
45 	 0.12188244942855726294 	 0.09692557692223788268 	 0.00000000000000000000
46 	 0.12188244942855726294 	 0.08997245944067017165 	 0.00000000000000000000
47 	 0.12188244942855726294 	 0.09254766724946321410 	 0.00000000000000000000
48 	 0.12188244942855726294 	 0.08945931470768300753 	 0.00000000000000000000
49 	 0.12352458726876343331 	 0.09506479477891963126 	 0.00000000000000000000
50 	 0.12616538435774435345 	 0.09232402038626824625 	 0.00000000000000000000
51 	 0.12767392937017141286 	 0.09896913269158695570 	 0.00000000000000000000
52 	 0.12801291324715932674 	 0.08792051887196379589 	 0.00000000000000000000
53 	 0.13164405015865718318 	 0.09029107900460346670 	 0.00000000000000000000
54 	 0.13164405015865718318 	 0.09134735982018364620 	 0.00000000000000000000
55 	 0.13164405015865718318 	 0.09483149933795186060 	 0.00000000000000000000
56 	 0.13164405015865718318 	 0.09154415632970504257 	 0.00000000000000000000
57 	 0.13182725576879897322 	 0.09137499748128691257 	 0.00000000000000000000
58 	 0.13182725576879897322 	 0.08836489711336943664 	 0.00000000000000000000
59 	 0.13182725576879897322 	 0.08469611173711008578 	 0.00000000000000000000
60 	 0.13182725576879897322 	 0.08910739547924460824 	 0.00000000000000000000
61 	 0.13194682279388517121 	 0.08710893485751115828 	 0.00000000000000000000
62 	 0.13197467539483695442 	 0.08871526710422844575 	 0.00000000000000000000
63 	 0.13197467539483695442 	 0.08522078078625762443 	 0.00000000000000000000
64 	 0.13202823764524618255 	 0.08498283815323841306 	 0.00000000000000000000
65 	 0.13205578209424334579 	 0.08642737573341383039 	 0.00000000000000000000
66 	 0.13205578209424334579 	 0.08721348345485761822 	 0.00000000000000000000
67 	 0.13206296359717792366 	 0.09223330404477340927 	 0.00000000000000000000
68 	 0.13214557198232759760 	 0.09271654163137643678 	 0.00000000000000000000
69 	 0.13257076865478570338 	 0.09864339047026143836 	 0.00000000000000000000
70 	 0.13257076865478570338 	 0.09957970045458175434 	 0.00000000000000000000
71 	 0.13312448341364035986 	 0.10611915116232255307 	 0.00000000000000000000
72 	 0.13312448341364035986 	 0.09180078737433300384 	 0.00000000000000000000
73 	 0.13354153653918388045 	 0.11017855066409691644 	 0.00000000000000000000
74 	 0.13354153653918388045 	 0.10626908492367372061 	 0.00000000000000000000
75 	 0.13354722723120490691 	 0.10138709901668402358 	 0.00000000000000000000
76 	 0.13416896119972251955 	 0.10335923049258409490 	 0.00000000000000000000
77 	 0.13416896119972251955 	 0.10841486703067466923 	 0.00000000000000000000
78 	 0.13416896119972251955 	 0.10870671918264353251 	 0.00000000000000000000
79 	 0.13416896119972251955 	 0.09955224331396665682 	 0.00000000000000000000
80 	 0.13439272290154455347 	 0.10790455108067582846 	 0.00000000000000000000
81 	 0.13439272290154455347 	 0.10203634197595855271 	 0.00000000000000000000
82 	 0.13459432458458917004 	 0.10026263875017286942 	 0.00000000000000000000
83 	 0.13459432458458917004 	 0.09990006924899563767 	 0.00000000000000000000
84 	 0.13459432458458917004 	 0.10646235896570768742 	 0.00000000000000000000
85 	 0.13459432458458917004 	 0.10857466224051169623 	 0.00000000000000000000
86 	 0.13459432458458917004 	 0.10890418253537668958 	 0.00000000000000000000
87 	 0.13460029395124600837 	 0.11300617750893508784 	 0.00000000000000000000
88 	 0.13465696494184192789 	 0.10772949269054933608 	 0.00000000000000000000
89 	 0.13465696494184192789 	 0.10289727109831367513 	 0.00000000000000000000
90 	 0.13465696494184192789 	 0.10389597958636727359 	 0.00000000000000000000
91 	 0.13465696494184192789 	 0.11540012506686961324 	 0.00000000000000000000
92 	 0.13471774533958486009 	 0.11409000367667783415 	 0.00000000000000000000
93 	 0.13493209625381372141 	 0.10789751972863818874 	 0.00000000000000000000
94 	 0.13517820580213005255 	 0.11034870716855120498 	 0.00000000000000000000
95 	 0.13548072312181003163 	 0.11055424884100477356 	 0.00000000000000000000
96 	 0.13548072312181003163 	 0.10361635334984105328 	 0.00000000000000000000
97 	 0.13548072312181003163 	 0.10471959563372541802 	 0.00000000000000000000
98 	 0.13548072312181003163 	 0.10303882995264704303 	 0.00000000000000000000
99 	 0.13565513214946861575 	 0.10904255191337883235 	 0.00000000000000000000
###############################################################
## Evolution ended on Mon May 26 21:38:13 2025
## Reason: Evolved till last generation 99
## The best individual was found in generation 99 (fitness: 0.13565513)
###############################################################
###############################################################
## Evolution started on Mon May 26 22:17:00 2025
###############################################################
0 	 0.04290980689760031525 	 0.00286121836091677087 	 0.00000000000000000000
1 	 0.06176876550713701619 	 0.01598492580398654800 	 0.00000000000000000000
2 	 0.07971991802586214648 	 0.02322934484441115111 	 0.00000000000000000000
3 	 0.07971991802586214648 	 0.03164261906220322551 	 0.00000000000000000000
4 	 0.07971991802586214648 	 0.04393201226349462835 	 0.00000000000000000000
5 	 0.08619397314693232059 	 0.04570207779847516860 	 0.00000000000000000000
6 	 0.09061086355738789955 	 0.05774681222419383864 	 0.00000000000000000000
7 	 0.09061086355738789955 	 0.05839584635118932193 	 0.00000000000000000000
8 	 0.09061086355738789955 	 0.06146722985365130065 	 0.00000000000000000000
9 	 0.09988005207541829356 	 0.06642806202551085337 	 0.00000000000000000000
10 	 0.09988005207541829356 	 0.06464482141418997907 	 0.00000000000000000000
11 	 0.09988005207541829356 	 0.06898149318384935724 	 0.00000000000000000000
12 	 0.10056707259919529795 	 0.06172861694119463616 	 0.00000000000000000000
13 	 0.10067020278357843854 	 0.07268694517288581958 	 0.00000000000000000000
14 	 0.10103306632497724427 	 0.07777416933717479219 	 0.00000000000000000000
15 	 0.10217425416984209086 	 0.07313930587773280478 	 0.00000000000000000000
16 	 0.10217425416984209086 	 0.07414019328200488479 	 0.00000000000000000000
17 	 0.10217425416984209086 	 0.06856411029452427752 	 0.00000000000000000000
18 	 0.10217425416984209086 	 0.06978988495910794232 	 0.00000000000000000000
19 	 0.10742881348567008548 	 0.08019921576885610803 	 0.00000000000000000000
20 	 0.10742881348567008548 	 0.07468989603853301573 	 0.00000000000000000000
21 	 0.10742881348567008548 	 0.07179426752699406833 	 0.00000000000000000000
22 	 0.10749504094084162686 	 0.07388675484969876861 	 0.00000000000000000000
23 	 0.10787768255785591676 	 0.07867683676564093953 	 0.00000000000000000000
24 	 0.10787768255785591676 	 0.07993393452271563282 	 0.00000000000000000000
25 	 0.10787768255785591676 	 0.08329365381160312720 	 0.00000000000000000000
26 	 0.10803603314537087166 	 0.08593560327413744815 	 0.00000000000000000000
27 	 0.10803603314537087166 	 0.08628495600015800848 	 0.00000000000000000000
28 	 0.11056265843927411130 	 0.08076308219471094174 	 0.00000000000000000000
29 	 0.11056265843927411130 	 0.08429011138588553276 	 0.00000000000000000000
30 	 0.11056265843927411130 	 0.08505073992506162472 	 0.00000000000000000000
31 	 0.11079461447058175372 	 0.08240891356337202989 	 0.00000000000000000000
32 	 0.11122906331761339693 	 0.08886689997673868913 	 0.00000000000000000000
33 	 0.11522744019099970259 	 0.09119062532615782035 	 0.00000000000000000000
34 	 0.11522744019099970259 	 0.08358016743809340565 	 0.00000000000000000000
35 	 0.11537127694730657523 	 0.09075347904932201670 	 0.00000000000000000000
36 	 0.11537127694730657523 	 0.08866853733697571682 	 0.00000000000000000000
37 	 0.11636818395882604638 	 0.08566025658472872784 	 0.00000000000000000000
38 	 0.11920358427862233486 	 0.09108787807004485593 	 0.00000000000000000000
39 	 0.11920358427862233486 	 0.08382773889577002646 	 0.00000000000000000000
40 	 0.11924280905984542545 	 0.08431082067527377599 	 0.00000000000000000000
41 	 0.11989309185247837286 	 0.08849603813475886982 	 0.00000000000000000000
42 	 0.11989309185247837286 	 0.08783813512895966014 	 0.00000000000000000000
43 	 0.11989309185247837286 	 0.08470093260615209341 	 0.00000000000000000000
44 	 0.12014941524084747637 	 0.09391996463302869358 	 0.00000000000000000000
45 	 0.12188244942855726294 	 0.09692557692223788268 	 0.00000000000000000000
46 	 0.12188244942855726294 	 0.08997245944067017165 	 0.00000000000000000000
47 	 0.12188244942855726294 	 0.09254766724946321410 	 0.00000000000000000000
48 	 0.12188244942855726294 	 0.08945931470768300753 	 0.00000000000000000000
49 	 0.12352458726876343331 	 0.09506479477891963126 	 0.00000000000000000000
50 	 0.12616538435774435345 	 0.09232402038626824625 	 0.00000000000000000000
51 	 0.12767392937017141286 	 0.09896913269158695570 	 0.00000000000000000000
52 	 0.12801291324715932674 	 0.08792051887196379589 	 0.00000000000000000000
53 	 0.13164405015865718318 	 0.09029107900460346670 	 0.00000000000000000000
54 	 0.13164405015865718318 	 0.09134735982018364620 	 0.00000000000000000000
55 	 0.13164405015865718318 	 0.09483149933795186060 	 0.00000000000000000000
56 	 0.13164405015865718318 	 0.09154415632970504257 	 0.00000000000000000000
57 	 0.13182725576879897322 	 0.09137499748128691257 	 0.00000000000000000000
58 	 0.13182725576879897322 	 0.08836489711336943664 	 0.00000000000000000000
59 	 0.13182725576879897322 	 0.08469611173711008578 	 0.00000000000000000000
60 	 0.13182725576879897322 	 0.08910739547924460824 	 0.00000000000000000000
61 	 0.13194682279388517121 	 0.08710893485751115828 	 0.00000000000000000000
62 	 0.13197467539483695442 	 0.08871526710422844575 	 0.00000000000000000000
63 	 0.13197467539483695442 	 0.08522078078625762443 	 0.00000000000000000000
64 	 0.13202823764524618255 	 0.08498283815323841306 	 0.00000000000000000000
65 	 0.13205578209424334579 	 0.08642737573341383039 	 0.00000000000000000000
66 	 0.13205578209424334579 	 0.08721348345485761822 	 0.00000000000000000000
67 	 0.13206296359717792366 	 0.09223330404477340927 	 0.00000000000000000000
68 	 0.13214557198232759760 	 0.09271654163137643678 	 0.00000000000000000000
69 	 0.13257076865478570338 	 0.09864339047026143836 	 0.00000000000000000000
70 	 0.13257076865478570338 	 0.09957970045458175434 	 0.00000000000000000000
71 	 0.13312448341364035986 	 0.10611915116232255307 	 0.00000000000000000000
72 	 0.13312448341364035986 	 0.09180078737433300384 	 0.00000000000000000000
73 	 0.13354153653918388045 	 0.11017855066409691644 	 0.00000000000000000000
74 	 0.13354153653918388045 	 0.10626908492367372061 	 0.00000000000000000000
75 	 0.13354722723120490691 	 0.10138709901668402358 	 0.00000000000000000000
76 	 0.13416896119972251955 	 0.10335923049258409490 	 0.00000000000000000000
77 	 0.13416896119972251955 	 0.10841486703067466923 	 0.00000000000000000000
78 	 0.13416896119972251955 	 0.10870671918264353251 	 0.00000000000000000000
79 	 0.13416896119972251955 	 0.09955224331396665682 	 0.00000000000000000000
80 	 0.13439272290154455347 	 0.10790455108067582846 	 0.00000000000000000000
81 	 0.13439272290154455347 	 0.10203634197595855271 	 0.00000000000000000000
82 	 0.13459432458458917004 	 0.10026263875017286942 	 0.00000000000000000000
83 	 0.13459432458458917004 	 0.09990006924899563767 	 0.00000000000000000000
84 	 0.13459432458458917004 	 0.10646235896570768742 	 0.00000000000000000000
85 	 0.13459432458458917004 	 0.10857466224051169623 	 0.00000000000000000000
86 	 0.13459432458458917004 	 0.10890418253537668958 	 0.00000000000000000000
87 	 0.13460029395124600837 	 0.11300617750893508784 	 0.00000000000000000000
88 	 0.13465696494184192789 	 0.10772949269054933608 	 0.00000000000000000000
89 	 0.13465696494184192789 	 0.10289727109831367513 	 0.00000000000000000000
90 	 0.13465696494184192789 	 0.10389597958636727359 	 0.00000000000000000000
91 	 0.13465696494184192789 	 0.11540012506686961324 	 0.00000000000000000000
92 	 0.13471774533958486009 	 0.11409000367667783415 	 0.00000000000000000000
93 	 0.13493209625381372141 	 0.10789751972863818874 	 0.00000000000000000000
94 	 0.13517820580213005255 	 0.11034870716855120498 	 0.00000000000000000000
95 	 0.13548072312181003163 	 0.11055424884100477356 	 0.00000000000000000000
96 	 0.13548072312181003163 	 0.10361635334984105328 	 0.00000000000000000000
97 	 0.13548072312181003163 	 0.10471959563372541802 	 0.00000000000000000000
98 	 0.13548072312181003163 	 0.10303882995264704303 	 0.00000000000000000000
99 	 0.13565513214946861575 	 0.10904255191337883235 	 0.00000000000000000000
###############################################################
## Evolution ended on Mon May 26 22:40:32 2025
## Reason: Evolved till last generation 99
## The best individual was found in generation 99 (fitness: 0.13565513)
###############################################################
###############################################################
## Evolution started on Mon May 26 22:46:07 2025
###############################################################
0 	 0.00000000000000000000 	 0.00000000000000000000 	 0.00000000000000000000
###############################################################
## Evolution started on Mon May 26 22:54:42 2025
###############################################################
0 	 0.07960189367809103467 	 0.00098157434332818015 	 0.00000000000000000000
1 	 0.08208362651752190708 	 0.03648476832021427946 	 0.00000000000000000000
2 	 0.08302244996816690592 	 0.05323649997997890321 	 0.00000000000000000000
3 	 0.08302244996816690592 	 0.04995333394862418175 	 0.00000000000000000000
4 	 0.10702303210246733034 	 0.05229119647055685549 	 0.00000000000000000000
5 	 0.10702303210246733034 	 0.05433530344865409450 	 0.00000000000000000000
6 	 0.10702303210246733034 	 0.05255484479189862640 	 0.00000000000000000000
7 	 0.11278613707447213144 	 0.05894555116696409414 	 0.00000000000000000000
8 	 0.11278613707447213144 	 0.05420253929568225049 	 0.00000000000000000000
9 	 0.11669976326406131251 	 0.05665013621418246714 	 0.00000000000000000000
10 	 0.11669976326406131251 	 0.05304283889163916715 	 0.00000000000000000000
11 	 0.11669976326406131251 	 0.06594421847041384566 	 0.00000000000000000000
12 	 0.11885588003816113800 	 0.05991355588089349038 	 0.00000000000000000000
13 	 0.11944838327225200392 	 0.06469366448110892842 	 0.00000000000000000000
14 	 0.11985538449462805610 	 0.07022602273400165018 	 0.00000000000000000000
15 	 0.11985538449462805610 	 0.07778922998963452851 	 0.00000000000000000000
16 	 0.11985538449462805610 	 0.07423317497550033228 	 0.00000000000000000000
17 	 0.12184175674811639767 	 0.06585375177213456666 	 0.00000000000000000000
18 	 0.12221440614146857062 	 0.06952688731474719608 	 0.00000000000000000000
19 	 0.12335662292402335694 	 0.07337086290346692130 	 0.00000000000000000000
20 	 0.12335662292402335694 	 0.07310696642578295990 	 0.00000000000000000000
21 	 0.12400780996269648859 	 0.06688772614696407437 	 0.00000000000000000000
22 	 0.12400780996269648859 	 0.07034799646572409415 	 0.00000000000000000000
23 	 0.12400780996269648859 	 0.06612854594721491452 	 0.00000000000000000000
24 	 0.14688097998898069774 	 0.07456653901746528035 	 0.00000000000000000000
25 	 0.14688097998898069774 	 0.07074593009799247378 	 0.00000000000000000000
26 	 0.14688097998898069774 	 0.08237759743439415638 	 0.00000000000000000000
27 	 0.14688097998898069774 	 0.07804968744262294478 	 0.00000000000000000000
28 	 0.14688097998898069774 	 0.07894251677103426845 	 0.00000000000000000000
29 	 0.14987086845600025575 	 0.08858210015035082596 	 0.00000000000000000000
30 	 0.14987086845600025575 	 0.07659850904080661715 	 0.00000000000000000000
31 	 0.16216508301949053572 	 0.08015991478112359514 	 0.00000000000000000000
32 	 0.16392024513107303352 	 0.08371778902324335248 	 0.00000000000000000000
33 	 0.16392024513107303352 	 0.09225475766998583738 	 0.00000000000000000000
34 	 0.16392024513107303352 	 0.09456746045509151211 	 0.00000000000000000000
35 	 0.16392024513107303352 	 0.09967975779208407272 	 0.00000000000000000000
36 	 0.16661185330221753298 	 0.09711297178640995731 	 0.00000000000000000000
37 	 0.16742148141490448277 	 0.09772961655493399291 	 0.00000000000000000000
38 	 0.16742148141490448277 	 0.09596363293262437366 	 0.00000000000000000000
39 	 0.16742148141490448277 	 0.08892615447320491306 	 0.00000000000000000000
40 	 0.16744321913166834714 	 0.09309535460328642598 	 0.00000000000000000000
41 	 0.16744321913166834714 	 0.09113612762009770663 	 0.00000000000000000000
42 	 0.16873439256382904983 	 0.09594174886694199766 	 0.00000000000000000000
43 	 0.17030327729933997238 	 0.09436173196829077126 	 0.00000000000000000000
44 	 0.17030327729933997238 	 0.11571944107506311472 	 0.00000000000000000000
45 	 0.17030327729933997238 	 0.12390771691240251573 	 0.00000000000000000000
46 	 0.17698885876480388579 	 0.10768107404815228934 	 0.00000000000000000000
47 	 0.17698885876480388579 	 0.10583058988213565887 	 0.00000000000000000000
48 	 0.17698885876480388579 	 0.10782347305044154284 	 0.00000000000000000000
49 	 0.17698885876480388579 	 0.10260171933613948525 	 0.00000000000000000000
50 	 0.17781958755107060699 	 0.11524312523187876800 	 0.00000000000000000000
51 	 0.17781958755107060699 	 0.11047778660376270099 	 0.00000000000000000000
52 	 0.17806567225029579227 	 0.11016397109242008490 	 0.00000000000000000000
53 	 0.17806567225029579227 	 0.11012251446129621424 	 0.00000000000000000000
54 	 0.17806567225029579227 	 0.10165893839207626459 	 0.00000000000000000000
55 	 0.17806567225029579227 	 0.10272909322576292968 	 0.00000000000000000000
56 	 0.17806567225029579227 	 0.11152986028109389272 	 0.00000000000000000000
57 	 0.17806567225029579227 	 0.10963637253042976538 	 0.00000000000000000000
58 	 0.17806567225029579227 	 0.10228479314680656576 	 0.00000000000000000000
59 	 0.17806567225029579227 	 0.10129693020996478892 	 0.00000000000000000000
60 	 0.17820900601384864759 	 0.10140780190575292286 	 0.00000000000000000000
61 	 0.17837049527345491540 	 0.11631037869260910100 	 0.00000000000000000000
62 	 0.17837049527345491540 	 0.11547718650042203270 	 0.00000000000000000000
63 	 0.17837049527345491540 	 0.11192022543353769004 	 0.00000000000000000000
64 	 0.17837049527345491540 	 0.11042911390076312617 	 0.00000000000000000000
65 	 0.17837049527345491540 	 0.10707792939275005695 	 0.00000000000000000000
66 	 0.17837049527345491540 	 0.10651371905380599414 	 0.00000000000000000000
67 	 0.17837049527345491540 	 0.11345068610065445203 	 0.00000000000000000000
68 	 0.17837049527345491540 	 0.10808799301298444018 	 0.00000000000000000000
69 	 0.17837049527345491540 	 0.10776471444559558577 	 0.00000000000000000000
70 	 0.17837807744960326728 	 0.11256016046245101436 	 0.00000000000000000000
71 	 0.17837807744960326728 	 0.11892055112435145903 	 0.00000000000000000000
72 	 0.17839300564764357104 	 0.11169107328503162513 	 0.00000000000000000000
73 	 0.17839300564764357104 	 0.12521005695935788493 	 0.00000000000000000000
74 	 0.17839300564764357104 	 0.12045641919196631298 	 0.00000000000000000000
75 	 0.17857903535383917726 	 0.11273443684663631004 	 0.00000000000000000000
76 	 0.17890775731446592611 	 0.10170705173432387225 	 0.00000000000000000000
77 	 0.17890775731446592611 	 0.10543848452351779754 	 0.00000000000000000000
78 	 0.17890775731446592611 	 0.10449111438274268082 	 0.00000000000000000000
79 	 0.17890775731446592611 	 0.12192250683656528920 	 0.00000000000000000000
80 	 0.17890775731446592611 	 0.09898013242394776423 	 0.00000000000000000000
81 	 0.17910324675668673478 	 0.08439983511928149384 	 0.00000000000000000000
82 	 0.17910324675668673478 	 0.09872192497942071376 	 0.00000000000000000000
83 	 0.18221201725898847346 	 0.10184674299965713884 	 0.00000000000000000000
84 	 0.18221201725898847346 	 0.11600385758151807170 	 0.00000000000000000000
85 	 0.18221201725898847346 	 0.11234998141810825789 	 0.00000000000000000000
86 	 0.18221201725898847346 	 0.11054625309518206766 	 0.00000000000000000000
87 	 0.18221201725898847346 	 0.11588941859330886830 	 0.00000000000000000000
88 	 0.18284662009123520132 	 0.11417969181774503817 	 0.00000000000000000000
89 	 0.18322555334479520561 	 0.11444115680962514692 	 0.00000000000000000000
90 	 0.18322555334479520561 	 0.10629787204112695065 	 0.00000000000000000000
91 	 0.18649230123878454690 	 0.12041538626872588802 	 0.00000000000000000000
92 	 0.18649230123878454690 	 0.11749694955300565846 	 0.00000000000000000000
93 	 0.18649230123878454690 	 0.11904810680986900595 	 0.00000000000000000000
94 	 0.18793189299446025342 	 0.11860439452882140521 	 0.00000000000000000000
95 	 0.19022016700863780825 	 0.11470909088993472280 	 0.00000000000000000000
96 	 0.19022016700863780825 	 0.09683138431442957217 	 0.00000000000000000000
97 	 0.19022016700863780825 	 0.10098335283257585393 	 0.00000000000000000000
98 	 0.19022016700863780825 	 0.10085918038437310940 	 0.00000000000000000000
99 	 0.19022016700863780825 	 0.10337805347968515024 	 0.00000000000000000000
###############################################################
## Evolution ended on Mon May 26 23:16:28 2025
## Reason: Evolved till last generation 99
## The best individual was found in generation 95 (fitness: 0.19022017)
###############################################################
###############################################################
## Evolution started on Mon May 26 23:28:58 2025
###############################################################
0 	 0.05718780581495189891 	 0.00343883806944032767 	 0.00000000000000000000
1 	 0.05915583336723461566 	 0.01662915647931348731 	 0.00000000000000000000
2 	 0.05961587954656506760 	 0.02453132108895597976 	 0.00000000000000000000
3 	 0.06023750592054873815 	 0.02783367668221546631 	 0.00000000000000000000
4 	 0.06023750592054873815 	 0.03585089467199840951 	 0.00000000000000000000
5 	 0.06027513973979588963 	 0.03364759172496025602 	 0.00000000000000000000
6 	 0.06027513973979588963 	 0.03202729038316436128 	 0.00000000000000000000
7 	 0.06090540987636826331 	 0.03344969657158371884 	 0.00000000000000000000
8 	 0.06127141880818032238 	 0.03205943620565453178 	 0.00000000000000000000
9 	 0.06127141880818032238 	 0.04152935124916760923 	 0.00000000000000000000
10 	 0.06127141880818032238 	 0.03365903247086792643 	 0.00000000000000000000
11 	 0.06164783710207474843 	 0.03869887740322821429 	 0.00000000000000000000
12 	 0.06693578127384222642 	 0.03667661407549069330 	 0.00000000000000000000
13 	 0.06719447204647023553 	 0.03577787270111433549 	 0.00000000000000000000
14 	 0.06751272934272425919 	 0.03788632229250418065 	 0.00000000000000000000
15 	 0.06751272934272425919 	 0.03911157077411579752 	 0.00000000000000000000
16 	 0.06751272934272425919 	 0.03757328839069888626 	 0.00000000000000000000
###############################################################
## Evolution started on Mon May 26 23:58:54 2025
###############################################################
0 	 0.07898520933172298308 	 0.00338729430447121159 	 0.00000000000000000000
1 	 0.07898520933172298308 	 0.01667730379626699427 	 0.00000000000000000000
2 	 0.08627785682993287242 	 0.02784987289762173163 	 0.00000000000000000000
3 	 0.09305571959133558668 	 0.02914655073902180579 	 0.00000000000000000000
4 	 0.09994065349564455747 	 0.03718750513529236329 	 0.00000000000000000000
5 	 0.10328703030808902841 	 0.03636316332114473970 	 0.00000000000000000000
6 	 0.10728964318324635263 	 0.03871036742119723928 	 0.00000000000000000000
7 	 0.10728964318324635263 	 0.04630743777843247116 	 0.00000000000000000000
8 	 0.10963346738390203350 	 0.06169181593750310000 	 0.00000000000000000000
9 	 0.10963346738390203350 	 0.06248660797293531521 	 0.00000000000000000000
10 	 0.11015432928202764651 	 0.06083210838517590785 	 0.00000000000000000000
11 	 0.11015432928202764651 	 0.06307985358397152909 	 0.00000000000000000000
12 	 0.11860539458882897457 	 0.06661363125905563065 	 0.00000000000000000000
13 	 0.11860539458882897457 	 0.07191797071228471505 	 0.00000000000000000000
14 	 0.11860539458882897457 	 0.07172582497401805424 	 0.00000000000000000000
15 	 0.12613150931098260354 	 0.07913466881579057921 	 0.00000000000000000000
16 	 0.12613150931098260354 	 0.07543621861137644879 	 0.00000000000000000000
17 	 0.12613150931098260354 	 0.06492921252640422580 	 0.00000000000000000000
18 	 0.13607905582186494153 	 0.07227570123084768594 	 0.00000000000000000000
19 	 0.13761266012561498839 	 0.07852778531462088762 	 0.00000000000000000000
20 	 0.13761266012561498839 	 0.07957300091351383886 	 0.00000000000000000000
21 	 0.14183333611906459581 	 0.07566164440193554053 	 0.00000000000000000000
22 	 0.14183333611906459581 	 0.07232814509286031313 	 0.00000000000000000000
23 	 0.14183333611906459581 	 0.07620649775900174838 	 0.00000000000000000000
24 	 0.14183333611906459581 	 0.08412344006294476817 	 0.00000000000000000000
25 	 0.14183333611906459581 	 0.07771217006392970583 	 0.00000000000000000000
26 	 0.14796711164217504764 	 0.08466703387066500108 	 0.00000000000000000000
27 	 0.14847405588048981362 	 0.08313442339782481372 	 0.00000000000000000000
28 	 0.14847405588048981362 	 0.08655135265733519823 	 0.00000000000000000000
29 	 0.14847405588048981362 	 0.08399078422097490393 	 0.00000000000000000000
30 	 0.14847405588048981362 	 0.08446555114966024236 	 0.00000000000000000000
31 	 0.15299226280034056158 	 0.08941426480781203279 	 0.00000000000000000000
32 	 0.15650857276607380020 	 0.08216839784329101060 	 0.00000000000000000000
33 	 0.15650857276607380020 	 0.08376888054105276205 	 0.00000000000000000000
34 	 0.15837527944317900119 	 0.08970046020363385553 	 0.00000000000000000000
35 	 0.15837527944317900119 	 0.09546566859984846609 	 0.00000000000000000000
36 	 0.15837527944317900119 	 0.08964921278729956478 	 0.00000000000000000000
37 	 0.15837527944317900119 	 0.10141778684318296377 	 0.00000000000000000000
38 	 0.15837527944317900119 	 0.10663142143112153137 	 0.00000000000000000000
39 	 0.15837527944317900119 	 0.09541615409125139835 	 0.00000000000000000000
40 	 0.15837527944317900119 	 0.09999631266123711060 	 0.00000000000000000000
41 	 0.15945590654853289414 	 0.09985110883114640956 	 0.00000000000000000000
42 	 0.15945590654853289414 	 0.10373712844641307107 	 0.00000000000000000000
43 	 0.15945590654853289414 	 0.10083330348013080924 	 0.00000000000000000000
44 	 0.15958686745834668730 	 0.11193607055550257312 	 0.00000000000000000000
45 	 0.16133709779200205992 	 0.10768516627932692153 	 0.00000000000000000000
46 	 0.16203257217515892874 	 0.10275775382777055378 	 0.00000000000000000000
47 	 0.16203257217515892874 	 0.10933043668804268145 	 0.00000000000000000000
48 	 0.16203257217515892874 	 0.10284556043221872168 	 0.00000000000000000000
49 	 0.16234208726823631808 	 0.10269937410972400371 	 0.00000000000000000000
50 	 0.16426451933904626102 	 0.11481749611183383886 	 0.00000000000000000000
51 	 0.16426451933904626102 	 0.11526871250099290922 	 0.00000000000000000000
52 	 0.16426451933904626102 	 0.11021252244674138721 	 0.00000000000000000000
53 	 0.16426451933904626102 	 0.11488216603307073449 	 0.00000000000000000000
54 	 0.16591151290742364721 	 0.10522177562983139887 	 0.00000000000000000000
55 	 0.16591151290742364721 	 0.10001512828612049710 	 0.00000000000000000000
56 	 0.16591151290742364721 	 0.10885554132338290390 	 0.00000000000000000000
57 	 0.16602026363283747812 	 0.11624054720327067769 	 0.00000000000000000000
58 	 0.16602026363283747812 	 0.11287302450001548970 	 0.00000000000000000000
59 	 0.16787847525057750242 	 0.09603504472913738932 	 0.00000000000000000000
60 	 0.16787847525057750242 	 0.10034008278820136240 	 0.00000000000000000000
61 	 0.16787847525057750242 	 0.10958028263136415648 	 0.00000000000000000000
62 	 0.16787847525057750242 	 0.09758744456914172916 	 0.00000000000000000000
63 	 0.16787847525057750242 	 0.10336955996084794263 	 0.00000000000000000000
64 	 0.16787847525057750242 	 0.10396287004271631549 	 0.00000000000000000000
65 	 0.16787847525057750242 	 0.09981799868761288830 	 0.00000000000000000000
###############################################################
## Evolution started on Tue May 27 01:03:59 2025
###############################################################
0 	 0.07898520933172298308 	 0.00338729430447121159 	 0.00000000000000000000
1 	 0.07898520933172298308 	 0.01667730379626699427 	 0.00000000000000000000
2 	 0.08627785682993287242 	 0.02784987289762173163 	 0.00000000000000000000
###############################################################
## Evolution started on Tue May 27 01:09:07 2025
###############################################################
0 	 0.07898520933172298308 	 0.00338729430447121159 	 0.00000000000000000000
1 	 0.07898520933172298308 	 0.01667730379626699427 	 0.00000000000000000000
2 	 0.08627785682993287242 	 0.02784987289762173163 	 0.00000000000000000000
###############################################################
## Evolution started on Tue May 27 01:16:13 2025
###############################################################
0 	 0.07898520933172298308 	 0.00338729430447121159 	 0.00000000000000000000
1 	 0.07898520933172298308 	 0.01667730379626699427 	 0.00000000000000000000
###############################################################
## Evolution started on Tue May 27 01:20:29 2025
###############################################################
0 	 0.02422519443284396404 	 0.00114963761776820639 	 0.00000000000000000000
1 	 0.02815234060361538476 	 0.00595889657070694783 	 0.00000000000000000000
2 	 0.03055797054704933319 	 0.00924441688169940282 	 0.00000000000000000000
3 	 0.05100949546546329483 	 0.01070044209172585706 	 0.00000000000000000000
4 	 0.05136815273811087129 	 0.01363012573285179822 	 0.00000000000000000000
5 	 0.05176527354338866793 	 0.01547850955361350887 	 0.00000000000000000000
6 	 0.05196979264400592574 	 0.01882270157226130503 	 0.00000000000000000000
7 	 0.05397743014842671522 	 0.02220690316898326147 	 0.00000000000000000000
8 	 0.05406190983456860000 	 0.02727250610184483656 	 0.00000000000000000000
9 	 0.06781714453311755986 	 0.03440420203982633152 	 0.00000000000000000000
10 	 0.06781714453311755986 	 0.03494504364044294376 	 0.00000000000000000000
11 	 0.06781714453311755986 	 0.03890875655522164911 	 0.00000000000000000000
12 	 0.08538034986281801964 	 0.03688979156264065445 	 0.00000000000000000000
13 	 0.08538034986281801964 	 0.03733858649236723726 	 0.00000000000000000000
14 	 0.08538034986281801964 	 0.04397708679143062099 	 0.00000000000000000000
15 	 0.08538034986281801964 	 0.04361194023161506922 	 0.00000000000000000000
16 	 0.08610313014746562299 	 0.04513425944219375680 	 0.00000000000000000000
17 	 0.08610313014746562299 	 0.04274760054502015766 	 0.00000000000000000000
18 	 0.08778233954612786605 	 0.04398022424031241412 	 0.00000000000000000000
19 	 0.10357338062608073548 	 0.04587677475971168456 	 0.00000000000000000000
20 	 0.10357338062608073548 	 0.04899984460983444062 	 0.00000000000000000000
21 	 0.10357338062608073548 	 0.04761359346639901235 	 0.00000000000000000000
22 	 0.10364445936873974141 	 0.04979498179332072366 	 0.00000000000000000000
23 	 0.10364445936873974141 	 0.05257882035031666984 	 0.00000000000000000000
24 	 0.10475973768464730274 	 0.05820779304781294183 	 0.00000000000000000000
25 	 0.11594460598131194062 	 0.05274257590858776740 	 0.00000000000000000000
26 	 0.11594460598131194062 	 0.06073213008003268409 	 0.00000000000000000000
27 	 0.11594460598131194062 	 0.05843586183216170626 	 0.00000000000000000000
###############################################################
## Evolution started on Tue May 27 01:30:05 2025
###############################################################
0 	 0.02397120768061601973 	 0.00086156653899538784 	 0.00000000000000000000
1 	 0.02397120768061601973 	 0.00516149897819797709 	 0.00000000000000000000
2 	 0.02420094742495650791 	 0.00760516626098202420 	 0.00000000000000000000
3 	 0.02490049905899639759 	 0.00843252549771171186 	 0.00000000000000000000
4 	 0.05403967283135147071 	 0.01250509104371987611 	 0.00000000000000000000
5 	 0.05406088556370693132 	 0.01261243593572353508 	 0.00000000000000000000
6 	 0.05421935683288903185 	 0.01488197091245152190 	 0.00000000000000000000
7 	 0.05432253240558442692 	 0.01647047143102428959 	 0.00000000000000000000
8 	 0.06156328558462246386 	 0.01785454721144452347 	 0.00000000000000000000
9 	 0.06156328558462246386 	 0.02253993434366521539 	 0.00000000000000000000
10 	 0.06471412699342578290 	 0.02612236529975440688 	 0.00000000000000000000
11 	 0.06543626136271915583 	 0.03509063644714347646 	 0.00000000000000000000
12 	 0.07175157608613841331 	 0.04346112960295642896 	 0.00000000000000000000
13 	 0.07175157608613841331 	 0.03822522181777479600 	 0.00000000000000000000
14 	 0.07175157608613841331 	 0.03480192763720957316 	 0.00000000000000000000
15 	 0.07175157608613841331 	 0.04472559852110778722 	 0.00000000000000000000
16 	 0.07175157608613841331 	 0.04418948702111255566 	 0.00000000000000000000
17 	 0.07175157608613841331 	 0.04425612111161796036 	 0.00000000000000000000
18 	 0.07175157608613841331 	 0.04442163534713013812 	 0.00000000000000000000
19 	 0.07175157608613841331 	 0.04571436970119605037 	 0.00000000000000000000
20 	 0.07175157608613841331 	 0.04821871964021576945 	 0.00000000000000000000
21 	 0.07175157608613841331 	 0.04850736786036900089 	 0.00000000000000000000
22 	 0.07621697547534428407 	 0.05009403560676754102 	 0.00000000000000000000
23 	 0.07621697547534428407 	 0.04948315834337125435 	 0.00000000000000000000
24 	 0.07621697547534428407 	 0.04873076326152136345 	 0.00000000000000000000
25 	 0.07686983868370636519 	 0.04586024889886054778 	 0.00000000000000000000
26 	 0.07690524942689129506 	 0.04536226939734887970 	 0.00000000000000000000
27 	 0.07690524942689129506 	 0.04763569650201203431 	 0.00000000000000000000
28 	 0.07811250962229328298 	 0.04786398908258607948 	 0.00000000000000000000
29 	 0.07811250962229328298 	 0.05136557923662829483 	 0.00000000000000000000
30 	 0.07811250962229328298 	 0.05030345092827481768 	 0.00000000000000000000
31 	 0.07811250962229328298 	 0.04938288225402034937 	 0.00000000000000000000
32 	 0.07811250962229328298 	 0.04316501682352959918 	 0.00000000000000000000
33 	 0.07811250962229328298 	 0.04291691244905741082 	 0.00000000000000000000
34 	 0.07811250962229328298 	 0.04689376738594224631 	 0.00000000000000000000
35 	 0.07811250962229328298 	 0.04347568133565715698 	 0.00000000000000000000
36 	 0.07811250962229328298 	 0.04693926914300906167 	 0.00000000000000000000
37 	 0.07811250962229328298 	 0.04529975241017046572 	 0.00000000000000000000
38 	 0.07811250962229328298 	 0.04653714533113938179 	 0.00000000000000000000
39 	 0.07811250962229328298 	 0.04440203196000463287 	 0.00000000000000000000
40 	 0.07811250962229328298 	 0.04139946291005081047 	 0.00000000000000000000
41 	 0.07811250962229328298 	 0.04572918780631251429 	 0.00000000000000000000
42 	 0.07856901035970720315 	 0.05070668421699563860 	 0.00000000000000000000
43 	 0.07856901035970720315 	 0.04606286445949701186 	 0.00000000000000000000
44 	 0.07856901035970720315 	 0.04835423817853051059 	 0.00000000000000000000
45 	 0.07882636554273493579 	 0.04123067730332168057 	 0.00000000000000000000
46 	 0.07882636554273493579 	 0.04742934864944862300 	 0.00000000000000000000
47 	 0.07882636554273493579 	 0.04451997398386810939 	 0.00000000000000000000
48 	 0.07885759004203127254 	 0.04763175583988529804 	 0.00000000000000000000
49 	 0.07885759004203127254 	 0.04528245694936082477 	 0.00000000000000000000
50 	 0.07901392958587814819 	 0.05058017072300217271 	 0.00000000000000000000
51 	 0.07901392958587814819 	 0.04713432795686019194 	 0.00000000000000000000
52 	 0.07901392958587814819 	 0.04775847090661848593 	 0.00000000000000000000
53 	 0.07901392958587814819 	 0.04948977298525712026 	 0.00000000000000000000
54 	 0.07901392958587814819 	 0.04636985045218877666 	 0.00000000000000000000
55 	 0.07912586813973392086 	 0.04571750029200023768 	 0.00000000000000000000
56 	 0.07912586813973392086 	 0.05220801131020676861 	 0.00000000000000000000
57 	 0.07912586813973392086 	 0.04874016094362213641 	 0.00000000000000000000
58 	 0.07912586813973392086 	 0.04866889262130790622 	 0.00000000000000000000
59 	 0.07912586813973392086 	 0.04690039394112169996 	 0.00000000000000000000
60 	 0.07912586813973392086 	 0.05039806429210674094 	 0.00000000000000000000
61 	 0.07912586813973392086 	 0.05175671636116054714 	 0.00000000000000000000
62 	 0.07912586813973392086 	 0.04856056703307134320 	 0.00000000000000000000
63 	 0.07912586813973392086 	 0.04060990364678353226 	 0.00000000000000000000
64 	 0.07912586813973392086 	 0.04833579389994745873 	 0.00000000000000000000
65 	 0.07912586813973392086 	 0.04702596868766280302 	 0.00000000000000000000
66 	 0.07912586813973392086 	 0.05255482001843859996 	 0.00000000000000000000
67 	 0.07912586813973392086 	 0.04473328337147867984 	 0.00000000000000000000
68 	 0.07912976657224653210 	 0.04930404694060096238 	 0.00000000000000000000
69 	 0.07912976657224653210 	 0.04332693439107476036 	 0.00000000000000000000
70 	 0.07912976657224653210 	 0.04511167507856248676 	 0.00000000000000000000
71 	 0.07912976657224653210 	 0.04887954331002227620 	 0.00000000000000000000
72 	 0.07915705541865215855 	 0.04861696406087161193 	 0.00000000000000000000
73 	 0.07915705541865215855 	 0.04775339439214188603 	 0.00000000000000000000
74 	 0.07918092486199976299 	 0.05120307701921094495 	 0.00000000000000000000
75 	 0.07918092486199976299 	 0.05186250626367230887 	 0.00000000000000000000
76 	 0.07918092486199976299 	 0.05529030068868922426 	 0.00000000000000000000
77 	 0.07918092486199976299 	 0.05073988690500815663 	 0.00000000000000000000
78 	 0.07918092486199976299 	 0.04730791519995734828 	 0.00000000000000000000
79 	 0.07918092486199976299 	 0.05475297500422485197 	 0.00000000000000000000
80 	 0.07918092486199976299 	 0.05053281641609772695 	 0.00000000000000000000
81 	 0.07983128204146243412 	 0.04835746346024215325 	 0.00000000000000000000
82 	 0.07983128204146243412 	 0.04618675762708387283 	 0.00000000000000000000
83 	 0.07995561605242772207 	 0.05025433577652847761 	 0.00000000000000000000
84 	 0.07995561605242772207 	 0.04992484085581935793 	 0.00000000000000000000
85 	 0.07995561605242772207 	 0.05206293955081602726 	 0.00000000000000000000
86 	 0.07995561605242772207 	 0.05209527990950948290 	 0.00000000000000000000
87 	 0.08036073627772973016 	 0.04935519429420700405 	 0.00000000000000000000
88 	 0.08062898610573997205 	 0.05658157902410671652 	 0.00000000000000000000
89 	 0.08062898610573997205 	 0.05367110511388428762 	 0.00000000000000000000
90 	 0.08086528775647820744 	 0.05020977818828934597 	 0.00000000000000000000
91 	 0.08112312341011936045 	 0.05485714383588856380 	 0.00000000000000000000
92 	 0.08112312341011936045 	 0.04812740868057021476 	 0.00000000000000000000
93 	 0.08140265660356842126 	 0.05325620027378475535 	 0.00000000000000000000
94 	 0.08140265660356842126 	 0.05035054520137937500 	 0.00000000000000000000
95 	 0.08140265660356842126 	 0.04875127152744083980 	 0.00000000000000000000
96 	 0.08162858243917765766 	 0.05152391886348936523 	 0.00000000000000000000
97 	 0.08295081562749417881 	 0.05306591576368465540 	 0.00000000000000000000
98 	 0.08295081562749417881 	 0.05462894940873508354 	 0.00000000000000000000
99 	 0.08330844073420388962 	 0.05052206915693016609 	 0.00000000000000000000
100 	 0.08330844073420388962 	 0.05153260989176322582 	 0.00000000000000000000
101 	 0.08385888439722422039 	 0.04779656396727624545 	 0.00000000000000000000
102 	 0.08606609928236305662 	 0.05523400635968525596 	 0.00000000000000000000
103 	 0.08606609928236305662 	 0.05068444210159581131 	 0.00000000000000000000
104 	 0.08606609928236305662 	 0.05465753563957035516 	 0.00000000000000000000
105 	 0.08606609928236305662 	 0.05727011062078472825 	 0.00000000000000000000
106 	 0.08646137939884684931 	 0.05411055178036328767 	 0.00000000000000000000
107 	 0.08646137939884684931 	 0.05665264282174260063 	 0.00000000000000000000
108 	 0.08646137939884684931 	 0.04748106667302194606 	 0.00000000000000000000
109 	 0.08864310397043939638 	 0.05827882095726776707 	 0.00000000000000000000
110 	 0.09000936439273052314 	 0.05898138192070408875 	 0.00000000000000000000
111 	 0.09000936439273052314 	 0.06126841789738147331 	 0.00000000000000000000
112 	 0.09268481899601097029 	 0.05344237808187918964 	 0.00000000000000000000
113 	 0.09268481899601097029 	 0.05580895719264952759 	 0.00000000000000000000
114 	 0.09268481899601097029 	 0.05432222157338354590 	 0.00000000000000000000
115 	 0.09268481899601097029 	 0.05401850522514362735 	 0.00000000000000000000
116 	 0.09274845258346538224 	 0.05219090386021812272 	 0.00000000000000000000
117 	 0.10878719008523883571 	 0.05214069487099956546 	 0.00000000000000000000
118 	 0.10878719008523883571 	 0.05536062216952400417 	 0.00000000000000000000
119 	 0.12039467503501669055 	 0.05264637058070668896 	 0.00000000000000000000
120 	 0.12039467503501669055 	 0.05166906514088500518 	 0.00000000000000000000
121 	 0.12345926057378646401 	 0.05677599615254653315 	 0.00000000000000000000
122 	 0.12345926057378646401 	 0.05609775109501921597 	 0.00000000000000000000
123 	 0.12345926057378646401 	 0.05606489347367781678 	 0.00000000000000000000
124 	 0.12345926057378646401 	 0.05108386121048016926 	 0.00000000000000000000
125 	 0.12345926057378646401 	 0.05464652327270399373 	 0.00000000000000000000
126 	 0.12456560381340012200 	 0.06204157711484267063 	 0.00000000000000000000
127 	 0.12548699979221175638 	 0.05818989180277421569 	 0.00000000000000000000
128 	 0.12548699979221175638 	 0.06496715895981423905 	 0.00000000000000000000
129 	 0.12822503305537219509 	 0.06482006310816580685 	 0.00000000000000000000
130 	 0.12822503305537219509 	 0.07360194191709058809 	 0.00000000000000000000
131 	 0.12827570261189386036 	 0.06784414630173732363 	 0.00000000000000000000
132 	 0.12827570261189386036 	 0.06373089237169418664 	 0.00000000000000000000
133 	 0.12827570261189386036 	 0.07255628451197258799 	 0.00000000000000000000
134 	 0.12889159503933175777 	 0.07213037139198633096 	 0.00000000000000000000
135 	 0.13270282805103797430 	 0.06919212733310817209 	 0.00000000000000000000
136 	 0.13270282805103797430 	 0.06926489589897343035 	 0.00000000000000000000
137 	 0.13270282805103797430 	 0.07537409464985593555 	 0.00000000000000000000
138 	 0.13270282805103797430 	 0.07119771079671528835 	 0.00000000000000000000
139 	 0.13270282805103797430 	 0.06807410862360578629 	 0.00000000000000000000
140 	 0.13270282805103797430 	 0.07132431573529164626 	 0.00000000000000000000
141 	 0.13270282805103797430 	 0.07451463522258600092 	 0.00000000000000000000
142 	 0.13270282805103797430 	 0.07492429610749559710 	 0.00000000000000000000
143 	 0.13270282805103797430 	 0.07121579792595261749 	 0.00000000000000000000
144 	 0.13270282805103797430 	 0.07560519944524654590 	 0.00000000000000000000
145 	 0.13270282805103797430 	 0.07868712015374974833 	 0.00000000000000000000
146 	 0.13270282805103797430 	 0.07578131575489069349 	 0.00000000000000000000
147 	 0.13270282805103797430 	 0.08075795583777964359 	 0.00000000000000000000
148 	 0.13270282805103797430 	 0.06608217627629166258 	 0.00000000000000000000
149 	 0.13270282805103797430 	 0.07814477714462851610 	 0.00000000000000000000
###############################################################
## Evolution ended on Tue May 27 02:37:54 2025
## Reason: Evolved till last generation 149
## The best individual was found in generation 135 (fitness: 0.13270283)
###############################################################
